\BOOKMARK [0][-]{chapter*.1}{\376\377\000P\000o\000d\001\033\000k\000o\000v\000\341\000n\000\355}{}% 1
\BOOKMARK [0][-]{chapter*.2}{\376\377\000P\000r\000o\000h\000l\000\341\001\141\000e\000n\000\355}{}% 2
\BOOKMARK [0][-]{chapter*.3}{\376\377\000A\000b\000s\000t\000r\000a\000k\000t}{}% 3
\BOOKMARK [0][-]{chapter*.8}{\376\377\000S\000e\000z\000n\000a\000m\000\040\000z\000k\000r\000a\000t\000e\000k}{}% 4
\BOOKMARK [0][-]{chapter*.9}{\376\377\000\332\000v\000o\000d}{}% 5
\BOOKMARK [1][-]{section*.10}{\376\377\000C\000\355\000l\000e}{chapter*.9}% 6
\BOOKMARK [0][-]{chapter.1}{\376\377\000Z\000p\000r\000a\000c\000o\000v\000\341\000n\000\355\000\040\000j\000a\000z\000y\000k\000a\000\040\000p\000o\000m\000o\000c\000\355\000\040\000u\000m\001\033\000l\000\351\000\040\000i\000n\000t\000e\000l\000i\000g\000e\000n\000c\000e}{}% 7
\BOOKMARK [1][-]{section.1.1}{\376\377\000Z\000p\000r\000a\000c\000o\000v\000\341\000n\000\355\000\040\000p\001\131\000i\000r\000o\000z\000e\000n\000\351\000h\000o\000\040\000j\000a\000z\000y\000k\000a\000\040\040\023\000\040\000N\000L\000P}{chapter.1}% 8
\BOOKMARK [2][-]{subsection.1.1.1}{\376\377\000D\000v\001\033\000\040\000z\000\341\000k\000l\000a\000d\000n\000\355\000\040\000s\000l\000o\001\176\000k\000y\000\040\000N\000L\000P}{section.1.1}% 9
\BOOKMARK [3][-]{subsubsection.1.1.1.1}{\376\377\000P\000o\000c\000h\000o\000p\000e\000n\000\355\000\040\000p\001\131\000i\000r\000o\000z\000e\000n\000\351\000h\000o\000\040\000j\000a\000z\000y\000k\000a\000\040\040\023\000\040\000N\000L\000U}{subsection.1.1.1}% 10
\BOOKMARK [2][-]{subsection.1.1.2}{\376\377\000P\000r\000o\000b\000l\000e\000m\000a\000t\000i\000k\000a\000\040\000v\000\355\000c\000e\000j\000a\000z\000y\001\015\000n\000\351\000h\000o\000\040\000z\000p\000r\000a\000c\000o\000v\000\341\000n\000\355}{section.1.1}% 11
\BOOKMARK [2][-]{subsection.1.1.3}{\376\377\000V\000y\000u\001\176\000i\000t\000\355\000\040\000N\000L\000P\000\040\000v\000\040\000p\000r\000a\000x\000i}{section.1.1}% 12
\BOOKMARK [1][-]{section.1.2}{\376\377\000J\000a\000z\000y\000k\000o\000v\000\351\000\040\000m\000o\000d\000e\000l\000y\000\040\040\023\000\040\000L\000M}{chapter.1}% 13
\BOOKMARK [2][-]{subsection.1.2.1}{\376\377\000T\000o\000k\000e\000n\000i\000z\000a\000c\000e}{section.1.2}% 14
\BOOKMARK [3][-]{subsubsection.1.2.1.1}{\376\377\000T\000o\000k\000e\000n\000y\000\040\000v\000\040\000r\001\157\000z\000n\000\375\000c\000h\000\040\000j\000a\000z\000y\000c\000\355\000c\000h}{subsection.1.2.1}% 15
\BOOKMARK [2][-]{subsection.1.2.2}{\376\377\000P\001\131\000e\000d\000t\000r\000\351\000n\000o\000v\000a\000n\000\351\000\040\000j\000a\000z\000y\000k\000o\000v\000\351\000\040\000m\000o\000d\000e\000l\000y\000\040\040\023\000\040\000P\000L\000M\000s}{section.1.2}% 16
\BOOKMARK [3][-]{subsubsection.1.2.2.1}{\376\377\000T\000r\000a\000n\000s\000f\000o\000r\000m\000\341\000t\000o\000r\000o\000v\000\341\000\040\000a\000r\000c\000h\000i\000t\000e\000k\000t\000u\000r\000a}{subsection.1.2.2}% 17
\BOOKMARK [3][-]{subsubsection.1.2.2.2}{\376\377\000P\001\131\000e\000d\000t\000r\000\351\000n\000o\000v\000\341\000n\000\355}{subsection.1.2.2}% 18
\BOOKMARK [3][-]{subsubsection.1.2.2.3}{\376\377\000F\000i\000n\000e\000-\000t\000u\000n\000i\000n\000g}{subsection.1.2.2}% 19
\BOOKMARK [2][-]{subsection.1.2.3}{\376\377\000D\000e\000c\000o\000d\000e\000r\000\040\000v\000s\000\040\000E\000n\000c\000o\000d\000e\000r}{section.1.2}% 20
\BOOKMARK [3][-]{subsubsection.1.2.3.1}{\376\377\000D\000e\000c\000o\000d\000e\000r\000-\000o\000n\000l\000y\000\040\000m\000o\000d\000e\000l\000y}{subsection.1.2.3}% 21
\BOOKMARK [3][-]{subsubsection.1.2.3.2}{\376\377\000E\000n\000c\000o\000d\000e\000r\000-\000o\000n\000l\000y\000\040\000m\000o\000d\000e\000l\000y}{subsection.1.2.3}% 22
\BOOKMARK [3][-]{subsubsection.1.2.3.3}{\376\377\000J\000a\000k\000\375\000\040\000m\000o\000d\000e\000l\000\040\000p\000r\000o\000\040\000s\000e\000n\000t\000i\000m\000e\000n\000t\000?}{subsection.1.2.3}% 23
\BOOKMARK [0][-]{chapter.2}{\376\377\000A\000n\000a\000l\000\375\000z\000a\000\040\000s\000e\000n\000t\000i\000m\000e\000n\000t\000u}{}% 24
\BOOKMARK [1][-]{section.2.1}{\376\377\000T\000e\000c\000h\000n\000i\000k\000y\000\040\000a\000n\000a\000l\000\375\000z\000y\000\040\000s\000e\000n\000t\000i\000m\000e\000n\000t\000u}{chapter.2}% 25
\BOOKMARK [2][-]{subsection.2.1.1}{\376\377\000S\000l\000o\000v\000n\000\355\000k\000o\000v\000\341\000\040\000m\000e\000t\000o\000d\000a}{section.2.1}% 26
\BOOKMARK [2][-]{subsection.2.1.2}{\376\377\000T\000r\000a\000d\000i\001\015\000n\000\355\000\040\000p\001\131\000\355\000s\000t\000u\000p\000y\000\040\000s\000t\000r\000o\000j\000o\000v\000\351\000h\000o\000\040\000u\001\015\000e\000n\000\355}{section.2.1}% 27
\BOOKMARK [2][-]{subsection.2.1.3}{\376\377\000H\000l\000u\000b\000o\000k\000\351\000\040\000u\001\015\000e\000n\000\355}{section.2.1}% 28
\BOOKMARK [3][-]{subsubsection.2.1.3.1}{\376\377\000K\000o\000n\000v\000o\000l\000u\001\015\000n\000\355\000\040\000n\000e\000u\000r\000o\000n\000o\000v\000\351\000\040\000s\000\355\000t\001\033}{subsection.2.1.3}% 29
\BOOKMARK [3][-]{subsubsection.2.1.3.2}{\376\377\000R\000e\000k\000u\000r\000e\000n\000t\000n\000\355\000\040\000n\000e\000u\000r\000o\000n\000o\000v\000\351\000\040\000s\000\355\000t\001\033}{subsection.2.1.3}% 30
\BOOKMARK [3][-]{subsubsection.2.1.3.3}{\376\377\000S\000\355\000t\001\033\000\040\000s\000\040\000d\000l\000o\000u\000h\000o\000u\000\040\000k\000r\000\341\000t\000k\000o\000d\000o\000b\000o\000u\000\040\000p\000a\000m\001\033\000t\000\355}{subsection.2.1.3}% 31
\BOOKMARK [3][-]{subsubsection.2.1.3.4}{\376\377\000D\000a\000l\001\141\000\355\000\040\000m\000e\000t\000o\000d\000y\000\040\000h\000l\000u\000b\000o\000k\000\351\000h\000o\000\040\000u\001\015\000e\000n\000\355\000\040\000v\000\040\000N\000L\000P}{subsection.2.1.3}% 32
\BOOKMARK [2][-]{subsection.2.1.4}{\376\377\000H\000y\000b\000r\000i\000d\000n\000\355\000\040\000m\000e\000t\000o\000d\000a}{section.2.1}% 33
\BOOKMARK [1][-]{section.2.2}{\376\377\000\332\000r\000o\000v\000n\001\033\000\040\000a\000n\000a\000l\000\375\000z\000y\000\040\000s\000e\000n\000t\000i\000m\000e\000n\000t\000u}{chapter.2}% 34
\BOOKMARK [2][-]{subsection.2.2.1}{\376\377\000D\000o\000k\000u\000m\000e\000n\000t\000o\000v\000\341\000\040\000\372\000r\000o\000v\000e\001\110}{section.2.2}% 35
\BOOKMARK [2][-]{subsection.2.2.2}{\376\377\000V\001\033\000t\000n\000\341\000\040\000\372\000r\000o\000v\000e\001\110}{section.2.2}% 36
\BOOKMARK [2][-]{subsection.2.2.3}{\376\377\000A\000s\000p\000e\000k\000t\000o\000v\000\341\000\040\000\372\000r\000o\000v\000e\001\110}{section.2.2}% 37
\BOOKMARK [1][-]{section.2.3}{\376\377\000A\000s\000p\000e\000k\000t\000o\000v\000\341\000\040\000a\000n\000a\000l\000\375\000z\000a\000\040\000s\000e\000n\000t\000i\000m\000e\000n\000t\000u}{chapter.2}% 38
\BOOKMARK [2][-]{subsection.2.3.1}{\376\377\000Z\000\341\000k\000l\000a\000d\000n\000\355\000\040\000d\000\355\000l\001\015\000\355\000\040\000\372\000l\000o\000h\000y\000\040\000A\000B\000S\000A}{section.2.3}% 39
\BOOKMARK [2][-]{subsection.2.3.2}{\376\377\000S\000l\000o\001\176\000e\000n\000\351\000\040\000\372\000l\000o\000h\000y\000\040\000A\000B\000S\000A}{section.2.3}% 40
\BOOKMARK [3][-]{subsubsection.2.3.2.1}{\376\377\000E\000x\000t\000r\000a\000k\000c\000e\000\040\000d\000v\000o\000j\000i\000c}{subsection.2.3.2}% 41
\BOOKMARK [3][-]{subsubsection.2.3.2.2}{\376\377\000E\000x\000t\000r\000a\000k\000c\000e\000\040\000t\000r\000o\000j\000i\000c}{subsection.2.3.2}% 42
\BOOKMARK [3][-]{subsubsection.2.3.2.3}{\376\377\000E\000x\000t\000r\000a\000k\000c\000e\000\040\001\015\000t\000v\000e\001\131\000i\000c}{subsection.2.3.2}% 43
\BOOKMARK [2][-]{subsection.2.3.3}{\376\377\000V\000y\000u\001\176\000i\000t\000\355\000\040\000t\000r\000a\000n\000s\000f\000o\000r\000m\000\341\000t\000o\000r\000o\000v\000\375\000c\000h\000\040\000m\000o\000d\000e\000l\001\157\000\040\000v\000\040\000A\000B\000S\000A}{section.2.3}% 44
\BOOKMARK [3][-]{subsubsection.2.3.3.1}{\376\377\000D\000a\000t\000a\000s\000e\000t\000y}{subsection.2.3.3}% 45
\BOOKMARK [3][-]{subsubsection.2.3.3.2}{\376\377\000S\000l\000o\001\176\000e\000n\000\351\000\040\000\372\000l\000o\000h\000y\000\040\000A\000B\000S\000A}{subsection.2.3.3}% 46
\BOOKMARK [1][-]{section.2.4}{\376\377\000V\000y\000u\001\176\000i\000t\000\355\000\040\000a\000n\000a\000l\000\375\000z\000y\000\040\000s\000e\000n\000t\000i\000m\000e\000n\000t\000u}{chapter.2}% 47
\BOOKMARK [2][-]{subsection.2.4.1}{\376\377\000O\000b\000c\000h\000o\000d\000n\000\355\000\040\000o\000b\000l\000a\000s\000t}{section.2.4}% 48
\BOOKMARK [2][-]{subsection.2.4.2}{\376\377\000D\000o\000p\000o\000r\000u\001\015\000u\000j\000\355\000c\000\355\000\040\000s\000y\000s\000t\000\351\000m\000y}{section.2.4}% 49
\BOOKMARK [2][-]{subsection.2.4.3}{\376\377\000Z\000d\000r\000a\000v\000o\000t\000n\000i\000c\000k\000\341\000\040\000o\000b\000l\000a\000s\000t}{section.2.4}% 50
\BOOKMARK [1][-]{section.2.5}{\376\377\000O\000t\000e\000v\001\131\000e\000n\000\351\000\040\000p\000r\000o\000b\000l\000\351\000m\000y\000\040\000a\000n\000a\000l\000\375\000z\000y\000\040\000s\000e\000n\000t\000i\000m\000e\000n\000t\000u}{chapter.2}% 51
\BOOKMARK [0][-]{chapter.3}{\376\377\001\014\000e\000s\000k\000\375\000\040\000j\000a\000z\000y\000k\000\040\000a\000\040\000a\000n\000a\000l\000\375\000z\000a\000\040\000s\000e\000n\000t\000i\000m\000e\000n\000t\000u}{}% 52
\BOOKMARK [1][-]{section.3.1}{\376\377\000P\001\131\000e\000d\000e\001\141\000l\000\351\000\040\000p\000r\000\341\000c\000e\000\040\000n\000a\000\040\000a\000n\000a\000l\000\375\000z\000u\000\040\000s\000e\000n\000t\000i\000m\000e\000n\000t\000u\000\040\000v\000\040\001\015\000e\001\141\000t\000i\000n\001\033}{chapter.3}% 53
\BOOKMARK [2][-]{subsection.3.1.1}{\376\377\000P\000r\000o\000b\000l\000e\000m\000a\000t\000i\000k\000a\000\040\000a\000n\000a\000l\000\375\000z\000y\000\040\000s\000e\000n\000t\000i\000m\000e\000n\000t\000u\000\040\000v\000\040\001\015\000e\001\141\000t\000i\000n\001\033}{section.3.1}% 54
\BOOKMARK [2][-]{subsection.3.1.2}{\376\377\000P\000o\000r\000o\000v\000n\000\341\000n\000\355\000\040\000r\001\157\000z\000n\000\375\000c\000h\000\040\000m\000o\000d\000e\000l\001\157}{section.3.1}% 55
\BOOKMARK [2][-]{subsection.3.1.3}{\376\377\000P\001\131\000e\000d\000s\000t\000a\000v\000e\000n\000\355\000\040\000n\000o\000v\000\375\000c\000h\000\040\000t\000e\000c\000h\000n\000i\000k}{section.3.1}% 56
\BOOKMARK [2][-]{subsection.3.1.4}{\376\377\000D\000a\000t\000a\000s\000e\000t\000y\000\040\000v\000\040\001\015\000e\001\141\000t\000i\000n\001\033}{section.3.1}% 57
\BOOKMARK [3][-]{subsubsection.3.1.4.1}{\376\377\000A\000n\000a\000l\000\375\000z\000a\000\040\000s\000e\000n\000t\000i\000m\000e\000n\000t\000u\000\040\000n\000a\000\040\000v\001\033\000t\000n\000\351\000\040\000\372\000r\000o\000v\000n\000i}{subsection.3.1.4}% 58
\BOOKMARK [3][-]{subsubsection.3.1.4.2}{\376\377\000A\000s\000p\000e\000k\000t\000o\000v\000\341\000\040\000a\000n\000a\000l\000\375\000z\000a\000\040\000s\000e\000n\000t\000i\000m\000e\000n\000t\000u}{subsection.3.1.4}% 59
\BOOKMARK [2][-]{subsection.3.1.5}{\376\377\001\014\000e\000s\000k\000\351\000\040\000j\000a\000z\000y\000k\000o\000v\000\351\000\040\000m\000o\000d\000e\000l\000y}{section.3.1}% 60
\BOOKMARK [3][-]{subsubsection.3.1.5.1}{\376\377\001\014\000e\000s\000k\000\375\000\040\000B\000E\000R\000T\000\040\040\023\000\040\000C\000z\000e\000r\000t}{subsection.3.1.5}% 61
\BOOKMARK [3][-]{subsubsection.3.1.5.2}{\376\377\001\014\000e\000s\000k\000\375\000\040\000R\000o\000B\000E\000R\000T\000a\000\040\040\023\000\040\000R\000o\000b\000e\000C\000z\000e\000c\000h}{subsection.3.1.5}% 62
\BOOKMARK [3][-]{subsubsection.3.1.5.3}{\376\377\000F\000E\000R\000N\000E\000T\000\040\040\023\000\040\000B\000E\000R\000T\000\040\000i\000\040\000R\000o\000B\000E\000R\000T\000a}{subsection.3.1.5}% 63
\BOOKMARK [1][-]{section.3.2}{\376\377\000S\000h\000r\000n\000u\000t\000\355\000\040\000d\000o\000s\000a\000v\000a\000d\000n\000\355\000h\000o\000\040\000v\000\375\000z\000k\000u\000m\000u}{chapter.3}% 64
\BOOKMARK [0][-]{chapter.4}{\376\377\000M\000e\000t\000o\000d\000o\000l\000o\000g\000i\000e\000\040\000a\000\040\000p\000o\000s\000t\000u\000p\000\040\000t\000r\000\351\000n\000o\000v\000\341\000n\000\355}{}% 65
\BOOKMARK [1][-]{section.4.1}{\376\377\000D\000a\000t\000a\000s\000e\000t\000y}{chapter.4}% 66
\BOOKMARK [2][-]{subsection.4.1.1}{\376\377\000P\001\131\000\355\000p\000r\000a\000v\000a\000\040\000d\000a\000t\000a\000s\000e\000t\001\157}{section.4.1}% 67
\BOOKMARK [2][-]{subsection.4.1.2}{\376\377\000D\000a\000t\000a\000s\000e\000t\000\040\000S\000e\000m\000E\000v\000a\000l\000-\0002\0000\0001\0004}{section.4.1}% 68
\BOOKMARK [3][-]{subsubsection.4.1.2.1}{\376\377\000R\000e\000c\000e\000n\000z\000e\000\040\000n\000o\000t\000e\000b\000o\000o\000k\001\157}{subsection.4.1.2}% 69
\BOOKMARK [3][-]{subsubsection.4.1.2.2}{\376\377\000R\000e\000c\000e\000n\000z\000e\000\040\000r\000e\000s\000t\000a\000u\000r\000a\000c\000\355}{subsection.4.1.2}% 70
\BOOKMARK [2][-]{subsection.4.1.3}{\376\377\001\014\000e\000s\000k\000\375\000\040\000d\000a\000t\000a\000s\000e\000t\000\040\000r\000e\000c\000e\000n\000z\000\355\000\040\000r\000e\000s\000t\000a\000u\000r\000a\000c\000\355}{section.4.1}% 71
\BOOKMARK [2][-]{subsection.4.1.4}{\376\377\000D\000a\000t\000a\000\040\000z\000\040\000m\000e\000d\000i\000\341\000l\000n\000\355\000\040\000d\000o\000m\000\351\000n\000y}{section.4.1}% 72
\BOOKMARK [3][-]{subsubsection.4.1.4.1}{\376\377\000P\000o\000p\000i\000s\000\040\000g\000e\000n\000e\000r\000o\000v\000\341\000n\000\355\000\040\000d\000a\000t}{subsection.4.1.4}% 73
\BOOKMARK [3][-]{subsubsection.4.1.4.2}{\376\377\000P\000o\000p\000i\000s\000\040\000s\000a\000m\000o\000t\000n\000\351\000h\000o\000\040\000d\000a\000t\000a\000s\000e\000t\000u}{subsection.4.1.4}% 74
\BOOKMARK [1][-]{section.4.2}{\376\377\000V\000y\000b\000r\000a\000n\000\351\000\040\000m\000e\000t\000o\000d\000y}{chapter.4}% 75
\BOOKMARK [1][-]{section.4.3}{\376\377\000V\000y\000b\000r\000a\000n\000\351\000\040\000m\000o\000d\000e\000l\000y}{chapter.4}% 76
\BOOKMARK [2][-]{subsection.4.3.1}{\376\377\000I\000n\000o\000v\000a\000t\000i\000v\000n\000\355\000\040\000m\000o\000d\000e\000l\000y}{section.4.3}% 77
\BOOKMARK [3][-]{subsubsection.4.3.1.1}{\376\377\000B\000E\000R\000T}{subsection.4.3.1}% 78
\BOOKMARK [3][-]{subsubsection.4.3.1.2}{\376\377\000m\000B\000E\000R\000T}{subsection.4.3.1}% 79
\BOOKMARK [3][-]{subsubsection.4.3.1.3}{\376\377\000R\000o\000B\000E\000R\000T\000a}{subsection.4.3.1}% 80
\BOOKMARK [3][-]{subsubsection.4.3.1.4}{\376\377\000X\000L\000M\000-\000R\000o\000B\000E\000R\000T\000a}{subsection.4.3.1}% 81
\BOOKMARK [3][-]{subsubsection.4.3.1.5}{\376\377\000D\000e\000B\000E\000R\000T\000a\000-\000V\0003}{subsection.4.3.1}% 82
\BOOKMARK [3][-]{subsubsection.4.3.1.6}{\376\377\000M\000o\000d\000e\000r\000n\000B\000E\000R\000T}{subsection.4.3.1}% 83
\BOOKMARK [2][-]{subsection.4.3.2}{\376\377\000J\000a\000z\000y\000k\000o\000v\001\033\000\040\000a\000d\000a\000p\000t\000o\000v\000a\000n\000\351\000\040\000m\000o\000d\000e\000l\000y}{section.4.3}% 84
\BOOKMARK [3][-]{subsubsection.4.3.2.1}{\376\377\000S\000l\000a\000v\000i\000c\000B\000E\000R\000T}{subsection.4.3.2}% 85
\BOOKMARK [3][-]{subsubsection.4.3.2.2}{\376\377\001\014\000e\000s\000k\000\375\000\040\000B\000E\000R\000T\000\040\040\023\000\040\000C\000z\000e\000r\000t}{subsection.4.3.2}% 86
\BOOKMARK [3][-]{subsubsection.4.3.2.3}{\376\377\001\014\000e\000s\000k\000\375\000\040\000R\000o\000B\000E\000R\000T\000a\000\040\040\023\000\040\000R\000o\000b\000e\000C\000z\000e\000c\000h}{subsection.4.3.2}% 87
\BOOKMARK [3][-]{subsubsection.4.3.2.4}{\376\377\001\014\000e\000s\000k\000\375\000\040\000B\000E\000R\000T\000\040\000a\000\040\000R\000o\000B\000E\000R\000T\000a\000\040\040\023\000\040\000F\000E\000R\000N\000E\000T}{subsection.4.3.2}% 88
\BOOKMARK [1][-]{section.4.4}{\376\377\000P\000o\000p\000i\000s\000\040\000p\001\131\000\355\000s\000t\000u\000p\000u}{chapter.4}% 89
\BOOKMARK [2][-]{subsection.4.4.1}{\376\377\000T\000r\000\351\000n\000o\000v\000a\000c\000\355\000\040\000p\000r\000o\000s\000t\001\131\000e\000d\000\355}{section.4.4}% 90
\BOOKMARK [2][-]{subsection.4.4.2}{\376\377\000P\000o\000u\001\176\000i\000t\000\351\000\040\000k\000n\000i\000h\000o\000v\000n\000y}{section.4.4}% 91
\BOOKMARK [2][-]{subsection.4.4.3}{\376\377\000P\000o\000p\000i\000s\000\040\001\015\000\341\000s\000t\000\355\000\040\000k\000\363\000d\000u}{section.4.4}% 92
\BOOKMARK [3][-]{subsubsection.4.4.3.1}{\376\377\000T\000o\000k\000e\000n\000i\000z\000a\000c\000e}{subsection.4.4.3}% 93
\BOOKMARK [3][-]{subsubsection.4.4.3.2}{\376\377\000V\000y\000h\000o\000d\000n\000o\000c\000o\000v\000a\000c\000\355\000\040\000m\000e\000t\000r\000i\000k\000a}{subsection.4.4.3}% 94
\BOOKMARK [3][-]{subsubsection.4.4.3.3}{\376\377\000T\000r\000\351\000n\000o\000v\000a\000c\000\355\000\040\000s\000t\000r\000u\000k\000t\000u\000r\000a}{subsection.4.4.3}% 95
\BOOKMARK [3][-]{subsubsection.4.4.3.4}{\376\377\000P\000r\000e\000d\000i\000k\000a\000c\000e\000\040\000s\000e\000n\000t\000i\000m\000e\000n\000t\000u}{subsection.4.4.3}% 96
\BOOKMARK [1][-]{section.4.5}{\376\377\000V\000y\000h\000o\000d\000n\000o\000c\000o\000v\000a\000c\000\355\000\040\000m\000e\000t\000r\000i\000k\000y\000\040\000a\000\040\000p\000r\000a\000k\000t\000i\000c\000k\000\351\000\040\000t\000e\000s\000t\000y}{chapter.4}% 97
\BOOKMARK [2][-]{subsection.4.5.1}{\376\377\000V\000y\000h\000o\000d\000n\000o\000c\000o\000v\000a\000c\000\355\000\040\000m\000e\000t\000r\000i\000k\000y}{section.4.5}% 98
\BOOKMARK [2][-]{subsection.4.5.2}{\376\377\000P\000r\000a\000k\000t\000i\000c\000k\000\351\000\040\000t\000e\000s\000t\000y}{section.4.5}% 99
\BOOKMARK [3][-]{subsubsection.4.5.2.1}{\376\377\000R\000e\000c\000e\000n\000z\000e\000\040\000n\000o\000t\000e\000b\000o\000o\000k\001\157\000\040\000L}{subsection.4.5.2}% 100
\BOOKMARK [3][-]{subsubsection.4.5.2.2}{\376\377\000R\000e\000c\000e\000n\000z\000e\000\040\000r\000e\000s\000t\000a\000u\000r\000a\000c\000\355\000\040\000R}{subsection.4.5.2}% 101
\BOOKMARK [3][-]{subsubsection.4.5.2.3}{\376\377\000M\000e\000d\000i\000\341\000l\000n\000\355\000\040\000t\000e\000x\000t\000y\000\040\000M}{subsection.4.5.2}% 102
\BOOKMARK [3][-]{subsubsection.4.5.2.4}{\376\377\000O\000b\000e\000c\000n\000\341\000\040\000d\000o\000m\000\351\000n\000a\000\040\000O}{subsection.4.5.2}% 103
\BOOKMARK [0][-]{chapter.5}{\376\377\000V\000\375\000s\000l\000e\000d\000k\000y\000\040\000a\000\040\000p\000o\000r\000o\000v\000n\000\341\000n\000\355}{}% 104
\BOOKMARK [1][-]{section.5.1}{\376\377\000V\000\375\000s\000l\000e\000d\000k\000y}{chapter.5}% 105
\BOOKMARK [2][-]{subsection.5.1.1}{\376\377\000R\000e\000c\000e\000n\000z\000e\000\040\000n\000o\000t\000e\000b\000o\000o\000k\001\157\000\040\040\023\000\040\000a\000n\000g\000l\000i\001\015\000t\000i\000n\000a}{section.5.1}% 106
\BOOKMARK [2][-]{subsection.5.1.2}{\376\377\000R\000e\000c\000e\000n\000z\000e\000\040\000r\000e\000s\000t\000a\000u\000r\000a\000c\000\355\000\040\040\023\000\040\000a\000n\000g\000l\000i\001\015\000t\000i\000n\000a}{section.5.1}% 107
\BOOKMARK [2][-]{subsection.5.1.3}{\376\377\000R\000e\000c\000e\000n\000z\000e\000\040\000r\000e\000s\000t\000a\000u\000r\000a\000c\000\355\000\040\040\023\000\040\001\015\000e\001\141\000t\000i\000n\000a}{section.5.1}% 108
\BOOKMARK [2][-]{subsection.5.1.4}{\376\377\000M\000e\000d\000i\000\341\000l\000n\000\355\000\040\001\015\000l\000\341\000n\000k\000y\000\040\040\023\000\040\001\015\000e\001\141\000t\000i\000n\000a}{section.5.1}% 109
\BOOKMARK [1][-]{section.5.2}{\376\377\000P\000o\000r\000o\000v\000n\000\341\000n\000\355\000\040\000p\000o\000u\001\176\000i\000t\000\375\000c\000h\000\040\000m\000o\000d\000e\000l\001\157\000\040\000a\000\040\000m\000e\000t\000o\000d}{chapter.5}% 110
\BOOKMARK [2][-]{subsection.5.2.1}{\376\377\000P\000o\000r\000o\000v\000n\000\341\000n\000\355\000\040\000m\000e\000t\000o\000d\000\040\040\023\000\040\000K\000l\000a\000s\000i\000c\000k\000\341\000\040\000v\000s\000.\000\040\000Q\000A\000-\000M}{section.5.2}% 111
\BOOKMARK [2][-]{subsection.5.2.2}{\376\377\000P\000o\000r\000o\000v\000n\000\341\000n\000\355\000\040\000m\000o\000d\000e\000l\001\157\000\040\000n\000a\000\040\000a\000n\000g\000l\000i\000c\000k\000\375\000c\000h\000\040\000d\000a\000t\000e\000c\000h}{section.5.2}% 112
\BOOKMARK [2][-]{subsection.5.2.3}{\376\377\000P\000o\000r\000o\000v\000n\000\341\000n\000\355\000\040\000m\000o\000d\000e\000l\001\157\000\040\000n\000a\000\040\000r\001\157\000z\000n\000\375\000c\000h\000\040\000j\000a\000z\000y\000c\000\355\000c\000h}{section.5.2}% 113
\BOOKMARK [2][-]{subsection.5.2.4}{\376\377\000P\000o\000r\000o\000v\000n\000\341\000n\000\355\000\040\000m\000o\000d\000e\000l\001\157\000\040\000n\000a\000\040\001\015\000e\000s\000k\000\375\000c\000h\000\040\000d\000a\000t\000e\000c\000h}{section.5.2}% 114
\BOOKMARK [1][-]{section.5.3}{\376\377\000S\000h\000r\000n\000u\000t\000\355\000\040\000a\000\040\000d\000o\000p\000o\000r\000u\001\015\000e\000n\000\355}{chapter.5}% 115
\BOOKMARK [2][-]{subsection.5.3.1}{\376\377\000A\000n\000g\000l\000i\000c\000k\000\351\000\040\000d\000a\000t\000a\000s\000e\000t\000y}{section.5.3}% 116
\BOOKMARK [2][-]{subsection.5.3.2}{\376\377\001\014\000e\000s\000k\000\351\000\040\000d\000a\000t\000a\000s\000e\000t\000y}{section.5.3}% 117
\BOOKMARK [2][-]{subsection.5.3.3}{\376\377\000D\000o\000p\000o\000r\000u\001\015\000e\000n\000\355\000\040\000p\000r\000o\000\040\001\015\000e\000s\000k\000\351\000\040\000m\000e\000d\000i\000\341\000l\000n\000\355\000\040\000t\000e\000x\000t\000y}{section.5.3}% 118
\BOOKMARK [2][-]{subsection.5.3.4}{\376\377\000A\000n\000a\000l\000\375\000z\000a\000\040\000s\000e\000n\000t\000i\000m\000e\000n\000t\000u\000\040\000p\000o\000m\000o\000c\000\355\000\040\000L\000L\000M}{section.5.3}% 119
\BOOKMARK [3][-]{subsubsection.5.3.4.1}{\376\377\000P\000o\000p\000i\000s\000\040\000m\000o\000d\000e\000l\001\157\000\040\000a\000\040\000p\000o\000u\001\176\000i\000t\000\351\000h\000o\000\040\000p\000r\000o\000m\000p\000t\000u}{subsection.5.3.4}% 120
\BOOKMARK [3][-]{subsubsection.5.3.4.2}{\376\377\000V\000\375\000s\000l\000e\000d\000k\000y\000\040\000a\000\040\000z\000\341\000v\001\033\000r\000\040\000k\000\040\000L\000L\000M}{subsection.5.3.4}% 121
\BOOKMARK [1][-]{section.5.4}{\376\377\000D\000a\000l\001\141\000\355\000\040\000v\000\375\000z\000k\000u\000m}{chapter.5}% 122
\BOOKMARK [0][-]{chapter*.36}{\376\377\000Z\000\341\000v\001\033\000r}{}% 123
\BOOKMARK [0][-]{appendix.A}{\376\377\000T\000a\000b\000u\000l\000k\000y\000\040\000v\000\375\000s\000l\000e\000d\000k\001\157\000\040\000t\000r\000\351\000n\000o\000v\000\341\000n\000\355\000\040\000a\000\040\000p\000r\000a\000k\000t\000i\000c\000k\000\375\000c\000h\000\040\000t\000e\000s\000t\001\157}{}% 124
\BOOKMARK [0][-]{appendix*.54}{\376\377\000O\000b\000s\000a\000h\000\040\000p\001\131\000\355\000l\000o\000h}{}% 125
